[INFO] 2022/09/01 11:09 
				_    
		 / ___| ___  
		\ |  _ / _ \ 
		/ |_| | (_) |
		\____|\___/	
	
[DBUG] 2022/09/01 11:09 load the server config: configure.ServerCfg{AppName:"", Level:"debug", ServerUrl:"", LogDir:"log", LogDirSuffixTimeFormat:"2022/08", SysTimeForm:"2022-08-29 15:20:05", SysTimeFormShort:"2022-08-29", CommonConfigFile:"configure/commonConfig.json", ServerConfigFile:"configure/serverConfig.yaml"}
[DBUG] 2022/09/01 11:09 API: 4 registered routes (2 GET and 2 HEAD)
GET: /content ./web/content (./main.go:48)
     • iris.logger (<autogenerated>:1)
     • iris.recover (/home/r/go/pkg/mod/github.com/kataras/iris/v12@v12.2.0-beta4.0.20220826212242-3c474097c64d/middleware/recover/recover.go:27)
GET: /content/{file:path} ./web/content (./main.go:48)
     • iris.logger (<autogenerated>:1)
     • iris.recover (/home/r/go/pkg/mod/github.com/kataras/iris/v12@v12.2.0-beta4.0.20220826212242-3c474097c64d/middleware/recover/recover.go:27)

HEAD: /content (./main.go:48)
      • iris.logger (<autogenerated>:1)
      • iris.recover (/home/r/go/pkg/mod/github.com/kataras/iris/v12@v12.2.0-beta4.0.20220826212242-3c474097c64d/middleware/recover/recover.go:27)
HEAD: /content/{file:path} (./main.go:48)
      • iris.logger (<autogenerated>:1)
      • iris.recover (/home/r/go/pkg/mod/github.com/kataras/iris/v12@v12.2.0-beta4.0.20220826212242-3c474097c64d/middleware/recover/recover.go:27)

[DBUG] 2022/09/01 11:09 Host: server will ignore the following errors: [http: Server closed]
